<?xml version="1.0" encoding="UTF-8"?>
<testng-results ignored="0" total="1" passed="1" failed="0" skipped="0">
  <reporter-output>
  </reporter-output>
  <suite started-at="2018-05-14T17:20:21Z" name="Suite" finished-at="2018-05-14T17:20:33Z" duration-ms="12313">
    <groups>
    </groups>
    <test started-at="2018-05-14T17:20:21Z" name="Test" finished-at="2018-05-14T17:20:33Z" duration-ms="12313">
      <class name="com.project.MavenExample">
        <test-method signature="maveTest()[pri:0, instance:com.project.MavenExample@235834f2]" started-at="2018-05-14T17:20:21Z" name="maveTest" finished-at="2018-05-14T17:20:33Z" duration-ms="12278" status="PASS">
          <reporter-output>
          </reporter-output>
        </test-method> <!-- maveTest -->
      </class> <!-- com.project.MavenExample -->
    </test> <!-- Test -->
  </suite> <!-- Suite -->
</testng-results>
