<?xml version="1.0" encoding="UTF-8"?>
<testng-results ignored="0" total="1" passed="1" failed="0" skipped="0">
  <reporter-output>
  </reporter-output>
  <suite started-at="2018-05-14T17:01:34Z" name="Default suite" finished-at="2018-05-14T17:01:41Z" duration-ms="6402">
    <groups>
    </groups>
    <test started-at="2018-05-14T17:01:34Z" name="Default test" finished-at="2018-05-14T17:01:41Z" duration-ms="6402">
      <class name="com.project.MavenExample">
        <test-method signature="maveTest()[pri:0, instance:com.project.MavenExample@26b3fd41]" started-at="2018-05-14T17:01:34Z" name="maveTest" finished-at="2018-05-14T17:01:41Z" duration-ms="6377" status="PASS">
          <reporter-output>
          </reporter-output>
        </test-method> <!-- maveTest -->
      </class> <!-- com.project.MavenExample -->
    </test> <!-- Default test -->
  </suite> <!-- Default suite -->
</testng-results>
